<?xml version="1.0" encoding="UTF-8"?>
<!-- Generated by org.testng.reporters.JUnitXMLReporter -->
<testsuite ignored="0" hostname="RUPALI" failures="0" tests="2" name="ParallelTestConcept" time="12.043" errors="0" timestamp="2023-05-05T15:14:58 IST">
  <testcase classname="testngconcepts.ParallelTestConceptGaneshSir" name="@BeforeMethod initialization" time="8.908">
    <failure type="org.openqa.selenium.SessionNotCreatedException" message="session not created
from no such execution context: uniqueContextId not found
  (Session info: chrome=113.0.5672.64)
Build info: version: &amp;apos;3.141.59&amp;apos;, revision: &amp;apos;e82be7d358&amp;apos;, time: &amp;apos;2018-11-14T08:17:03&amp;apos;
System info: host: &amp;apos;RUPALI&amp;apos;, ip: &amp;apos;192.168.13.244&amp;apos;, os.name: &amp;apos;Windows 10&amp;apos;, os.arch: &amp;apos;amd64&amp;apos;, os.version: &amp;apos;10.0&amp;apos;, java.version: &amp;apos;17.0.5&amp;apos;
Driver info: driver.version: ChromeDriver
remote stacktrace: Backtrace:
	GetHandleVerifier [0x00CB8893+48451]
	(No symbol) [0x00C4B8A1]
	(No symbol) [0x00B55058]
	(No symbol) [0x00B487D0]
	(No symbol) [0x00B46F58]
	(No symbol) [0x00B475CA]
	(No symbol) [0x00B58067]
	(No symbol) [0x00B59631]
	(No symbol) [0x00B596D0]
	(No symbol) [0x00BA1A58]
	(No symbol) [0x00BA047C]
	(No symbol) [0x00B9A0B6]
	(No symbol) [0x00B77E08]
	(No symbol) [0x00B78F2D]
	GetHandleVerifier [0x00F18E3A+2540266]
	GetHandleVerifier [0x00F58959+2801161]
	GetHandleVerifier [0x00F5295C+2776588]
	GetHandleVerifier [0x00D42280+612144]
	(No symbol) [0x00C54F6C]
	(No symbol) [0x00C511D8]
	(No symbol) [0x00C512BB]
	(No symbol) [0x00C44857]
	BaseThreadInitThunk [0x76D760C9+25]
	RtlGetAppContainerNamedObjectPath [0x77AF7A94+228]
	RtlGetAppContainerNamedObjectPath [0x77AF7A64+180]
">
      <![CDATA[org.openqa.selenium.SessionNotCreatedException: session not created
from no such execution context: uniqueContextId not found
  (Session info: chrome=113.0.5672.64)
Build info: version: '3.141.59', revision: 'e82be7d358', time: '2018-11-14T08:17:03'
System info: host: 'RUPALI', ip: '192.168.13.244', os.name: 'Windows 10', os.arch: 'amd64', os.version: '10.0', java.version: '17.0.5'
Driver info: driver.version: ChromeDriver
remote stacktrace: Backtrace:
GetHandleVerifier [0x00CB8893+48451]
(No symbol) [0x00C4B8A1]
(No symbol) [0x00B55058]
(No symbol) [0x00B487D0]
(No symbol) [0x00B46F58]
(No symbol) [0x00B475CA]
(No symbol) [0x00B58067]
(No symbol) [0x00B59631]
(No symbol) [0x00B596D0]
(No symbol) [0x00BA1A58]
(No symbol) [0x00BA047C]
(No symbol) [0x00B9A0B6]
(No symbol) [0x00B77E08]
(No symbol) [0x00B78F2D]
GetHandleVerifier [0x00F18E3A+2540266]
GetHandleVerifier [0x00F58959+2801161]
GetHandleVerifier [0x00F5295C+2776588]
GetHandleVerifier [0x00D42280+612144]
(No symbol) [0x00C54F6C]
(No symbol) [0x00C511D8]
(No symbol) [0x00C512BB]
(No symbol) [0x00C44857]
BaseThreadInitThunk [0x76D760C9+25]
RtlGetAppContainerNamedObjectPath [0x77AF7A94+228]
RtlGetAppContainerNamedObjectPath [0x77AF7A64+180]

at org.openqa.selenium.remote.W3CHandshakeResponse.lambda$errorHandler$0(W3CHandshakeResponse.java:62)
at org.openqa.selenium.remote.HandshakeResponse.lambda$getResponseFunction$0(HandshakeResponse.java:30)
at org.openqa.selenium.remote.ProtocolHandshake.lambda$createSession$0(ProtocolHandshake.java:126)
at java.base/java.util.stream.ReferencePipeline$3$1.accept(ReferencePipeline.java:197)
at java.base/java.util.Spliterators$ArraySpliterator.tryAdvance(Spliterators.java:1002)
at java.base/java.util.stream.ReferencePipeline.forEachWithCancel(ReferencePipeline.java:129)
at java.base/java.util.stream.AbstractPipeline.copyIntoWithCancel(AbstractPipeline.java:527)
at java.base/java.util.stream.AbstractPipeline.copyInto(AbstractPipeline.java:513)
at java.base/java.util.stream.AbstractPipeline.wrapAndCopyInto(AbstractPipeline.java:499)
at java.base/java.util.stream.FindOps$FindOp.evaluateSequential(FindOps.java:150)
at java.base/java.util.stream.AbstractPipeline.evaluate(AbstractPipeline.java:234)
at java.base/java.util.stream.ReferencePipeline.findFirst(ReferencePipeline.java:647)
at org.openqa.selenium.remote.ProtocolHandshake.createSession(ProtocolHandshake.java:128)
at org.openqa.selenium.remote.ProtocolHandshake.createSession(ProtocolHandshake.java:74)
at org.openqa.selenium.remote.HttpCommandExecutor.execute(HttpCommandExecutor.java:136)
at org.openqa.selenium.remote.service.DriverCommandExecutor.execute(DriverCommandExecutor.java:83)
at org.openqa.selenium.remote.RemoteWebDriver.execute(RemoteWebDriver.java:552)
at org.openqa.selenium.remote.RemoteWebDriver.startSession(RemoteWebDriver.java:213)
at org.openqa.selenium.remote.RemoteWebDriver.<init>(RemoteWebDriver.java:131)
at org.openqa.selenium.chrome.ChromeDriver.<init>(ChromeDriver.java:181)
at org.openqa.selenium.chrome.ChromeDriver.<init>(ChromeDriver.java:168)
at org.openqa.selenium.chrome.ChromeDriver.<init>(ChromeDriver.java:123)
at testngconcepts.ParallelTestConceptGaneshSir.initialization(ParallelTestConceptGaneshSir.java:16)
at java.base/java.util.concurrent.ThreadPoolExecutor.runWorker(ThreadPoolExecutor.java:1136)
at java.base/java.util.concurrent.ThreadPoolExecutor$Worker.run(ThreadPoolExecutor.java:635)
at java.base/java.lang.Thread.run(Thread.java:833)
... Removed 21 stack frames]]>
    </failure>
  </testcase> <!-- @BeforeMethod initialization -->
  <testcase classname="testngconcepts.ParallelTestConceptGaneshSir" name="@AfterMethod tearDown" time="-1.683279895563E9">
    <skipped/>
  </testcase> <!-- @AfterMethod tearDown -->
  <testcase classname="testngconcepts.ParallelTestConceptGaneshSir" name="@AfterMethod tearDown" time="-1.683279898468E9">
    <skipped/>
  </testcase> <!-- @AfterMethod tearDown -->
  <testcase classname="testngconcepts.ParallelTestConceptGaneshSir" name="googleSearchTest" time="0.001">
    <skipped/>
  </testcase> <!-- googleSearchTest -->
  <testcase classname="testngconcepts.ParallelTestConceptGaneshSir" name="yahooSearchTest" time="4.365"/>
</testsuite> <!-- ParallelTestConcept -->
